


ARM Macro Assembler    Page 1 


    1 00000000         ;/******************************************************
                       *****************
    2 00000000         ; * $Id: startup_LPC18xx.s 6473 2011-02-16 17:40:54Z nxp
                       27266 $
    3 00000000         ; *
    4 00000000         ; * Project: LPC18xx CMSIS Package
    5 00000000         ; *
    6 00000000         ; * Description: Cortex-M3 Core Device Startup File for 
                       the NXP LPC18xx 
    7 00000000         ; *              Device Series.
    8 00000000         ; *
    9 00000000         ; * Copyright(C) 2011, NXP Semiconductor
   10 00000000         ; * All rights reserved.
   11 00000000         ; *
   12 00000000         ; ******************************************************
                       *****************
   13 00000000         ; * Software that is described herein is for illustrativ
                       e purposes only
   14 00000000         ; * which provides customers with programming informatio
                       n regarding the
   15 00000000         ; * products. This software is supplied "AS IS" without 
                       any warranties.
   16 00000000         ; * NXP Semiconductors assumes no responsibility or liab
                       ility for the
   17 00000000         ; * use of the software, conveys no license or title und
                       er any patent,
   18 00000000         ; * copyright, or mask work right to the product. NXP Se
                       miconductors
   19 00000000         ; * reserves the right to make changes in the software w
                       ithout
   20 00000000         ; * notification. NXP Semiconductors also make no repres
                       entation or
   21 00000000         ; * warranty that such application will be suitable for 
                       the specified
   22 00000000         ; * use without further testing or modification.
   23 00000000         ; ******************************************************
                       ****************/
   24 00000000         
   25 00000000         ; <h> Stack Configuration
   26 00000000         ;   <o> Stack Size (in Bytes) <0x0-0xFFFFFFFF:8>
   27 00000000         ; </h>
   28 00000000         
   29 00000000 00000E00 
                       Stack_Size
                               EQU              0x00000E00
   30 00000000         
   31 00000000                 AREA             STACK, NOINIT, READWRITE, ALIGN
=3
   32 00000000         Stack_Mem
                               SPACE            Stack_Size
   33 00000E00         __initial_sp
   34 00000E00         
   35 00000E00         ; <h> Heap Configuration
   36 00000E00         ;   <o>  Heap Size (in Bytes) <0x0-0xFFFFFFFF:8>
   37 00000E00         ; </h>
   38 00000E00         
   39 00000E00 00010000 
                       Heap_Size
                               EQU              0x00010000



ARM Macro Assembler    Page 2 


   40 00000E00         ;Heap_Size       EQU     0x00000000
   41 00000E00         
   42 00000E00                 AREA             HEAP, NOINIT, READWRITE, ALIGN=
3
   43 00000000         __heap_base
   44 00000000         Heap_Mem
                               SPACE            Heap_Size
   45 00010000         __heap_limit
   46 00010000         
   47 00010000                 PRESERVE8
   48 00010000                 THUMB
   49 00010000         
   50 00010000         ; Vector Table Mapped to Address 0 at Reset
   51 00010000         
   52 00010000                 AREA             RESET, DATA, READONLY
   53 00000000                 EXPORT           __Vectors
   54 00000000         
   55 00000000 53FFEEFA 
                       Sign_Value
                               EQU              0x53FFEEFA
   56 00000000         
   57 00000000 00000000 
                       __Vectors
                               DCD              __initial_sp ; 0 Top of Stack
   58 00000004 00000000        DCD              Reset_Handler ; 1 Reset Handler
                                                            
   59 00000008 00000000        DCD              NMI_Handler ; 2 NMI Handler
   60 0000000C 00000000        DCD              HardFault_Handler ; 3 Hard Faul
                                                            t Handler
   61 00000010 00000000        DCD              MemManage_Handler ; 4 MPU Fault
                                                             Handler
   62 00000014 00000000        DCD              BusFault_Handler ; 5 Bus Fault 
                                                            Handler
   63 00000018 00000000        DCD              UsageFault_Handler ; 6 Usage Fa
                                                            ult Handler
   64 0000001C 53FFEEFA        DCD              Sign_Value  ; 7 Reserved
   65 00000020 00000000        DCD              0           ; 8 Reserved
   66 00000024 00000000        DCD              0           ; 9 Reserved
   67 00000028 00000000        DCD              0           ; 10 Reserved
   68 0000002C 00000000        DCD              SVC_Handler ; 11 SVCall Handler
                                                            
   69 00000030 00000000        DCD              DebugMon_Handler ; 12 Debug Mon
                                                            itor Handler
   70 00000034 00000000        DCD              0           ; 13 Reserved
   71 00000038 00000000        DCD              PendSV_Handler 
                                                            ; 14 PendSV Handler
                                                            
   72 0000003C 00000000        DCD              SysTick_Handler ; 15 SysTick Ha
                                                            ndler
   73 00000040         
   74 00000040         ; External Interrupts    
   75 00000040 00000000        DCD              DAC_IRQHandler 
                                                            ; 16 D/A Converter
   76 00000044 00000000        DCD              M0CORE_IRQHandler ; 17 M0 Core
   77 00000048 00000000        DCD              DMA_IRQHandler ; 18 General Pur
                                                            pose DMA
   78 0000004C 00000000        DCD              EZH_IRQHandler ; 19 EZH/EDM
   79 00000050 00000000        DCD              FLASH_EEPROM_IRQHandler ; 20 Re
                                                            served for Typhoon



ARM Macro Assembler    Page 3 


   80 00000054 00000000        DCD              ETH_IRQHandler ; 21 Ethernet
   81 00000058 00000000        DCD              SDIO_IRQHandler ; 22 SD/MMC
   82 0000005C 00000000        DCD              LCD_IRQHandler ; 23 LCD
   83 00000060 00000000        DCD              USB0_IRQHandler ; 24 USB0
   84 00000064 00000000        DCD              USB1_IRQHandler ; 25 USB1
   85 00000068 00000000        DCD              SCT_IRQHandler ; 26 State Confi
                                                            gurable Timer
   86 0000006C 00000000        DCD              RIT_IRQHandler ; 27 Repetitive 
                                                            Interrupt Timer
   87 00000070 00000000        DCD              TIMER0_IRQHandler ; 28 Timer0
   88 00000074 00000000        DCD              TIMER1_IRQHandler ; 29 Timer1
   89 00000078 00000000        DCD              TIMER2_IRQHandler ; 30 Timer2
   90 0000007C 00000000        DCD              TIMER3_IRQHandler ; 31 Timer3
   91 00000080 00000000        DCD              MCPWM_IRQHandler ; 32 Motor Con
                                                            trol PWM
   92 00000084 00000000        DCD              ADC0_IRQHandler ; 33 A/D Conver
                                                            ter 0
   93 00000088 00000000        DCD              I2C0_IRQHandler ; 34 I2C0
   94 0000008C 00000000        DCD              I2C1_IRQHandler ; 35 I2C1
   95 00000090 00000000        DCD              SPI_IRQHandler ; 36 SPI
   96 00000094 00000000        DCD              ADC1_IRQHandler ; 37 A/D Conver
                                                            ter 1
   97 00000098 00000000        DCD              SSP0_IRQHandler ; 38 SSP0
   98 0000009C 00000000        DCD              SSP1_IRQHandler ; 39 SSP1
   99 000000A0 00000000        DCD              UART0_IRQHandler ; 40 UART0
  100 000000A4 00000000        DCD              UART1_IRQHandler ; 41 UART1
  101 000000A8 00000000        DCD              UART2_IRQHandler ; 42 UART2
  102 000000AC 00000000        DCD              UART3_IRQHandler ; 43 UART3
  103 000000B0 00000000        DCD              I2S0_IRQHandler ; 44 I2S0
  104 000000B4 00000000        DCD              I2S1_IRQHandler ; 45 I2S1
  105 000000B8 00000000        DCD              SPIFI_IRQHandler ; 46 SPI Flash
                                                             Interface
  106 000000BC 00000000        DCD              SGPIO_IRQHandler ; 47 SGPIO
  107 000000C0 00000000        DCD              GPIO0_IRQHandler ; 48 GPIO0
  108 000000C4 00000000        DCD              GPIO1_IRQHandler ; 49 GPIO1
  109 000000C8 00000000        DCD              GPIO2_IRQHandler ; 50 GPIO2
  110 000000CC 00000000        DCD              GPIO3_IRQHandler ; 51 GPIO3
  111 000000D0 00000000        DCD              GPIO4_IRQHandler ; 52 GPIO4
  112 000000D4 00000000        DCD              GPIO5_IRQHandler ; 53 GPIO5
  113 000000D8 00000000        DCD              GPIO6_IRQHandler ; 54 GPIO6
  114 000000DC 00000000        DCD              GPIO7_IRQHandler ; 55 GPIO7
  115 000000E0 00000000        DCD              GINT0_IRQHandler ; 56 GINT0
  116 000000E4 00000000        DCD              GINT1_IRQHandler ; 57 GINT1
  117 000000E8 00000000        DCD              EVRT_IRQHandler 
                                                            ; 58 Event Router
  118 000000EC 00000000        DCD              CAN1_IRQHandler ; 59 C_CAN1
  119 000000F0 00000000        DCD              0           ; 60 Reserved
  120 000000F4 00000000        DCD              VADC_IRQHandler ; 61 VADC
  121 000000F8 00000000        DCD              ATIMER_IRQHandler ; 62 ATIMER
  122 000000FC 00000000        DCD              RTC_IRQHandler ; 63 RTC
  123 00000100 00000000        DCD              0           ; 64 Reserved
  124 00000104 00000000        DCD              WDT_IRQHandler ; 65 WDT
  125 00000108 00000000        DCD              M0s_IRQHandler ; 66 M0s
  126 0000010C 00000000        DCD              CAN0_IRQHandler ; 67 C_CAN0
  127 00000110 00000000        DCD              QEI_IRQHandler ; 68 QEI
  128 00000114         
  129 00000114         
  130 00000114                 IF               :LNOT::DEF:NO_CRP
  133                          ENDIF



ARM Macro Assembler    Page 4 


  134 00000114         
  135 00000114                 AREA             |.text|, CODE, READONLY
  136 00000000         
  137 00000000         ; Reset Handler
  138 00000000         
  139 00000000         Reset_Handler
                               PROC
  140 00000000                 EXPORT           Reset_Handler             [WEAK
]
  141 00000000                 IMPORT           __main
  142 00000000 4807            LDR              R0, =__main
  143 00000002 4700            BX               R0
  144 00000004                 ENDP
  145 00000004         
  146 00000004         ; Dummy Exception Handlers (infinite loops which can be 
                       modified)                
  147 00000004         
  148 00000004         NMI_Handler
                               PROC
  149 00000004                 EXPORT           NMI_Handler               [WEAK
]
  150 00000004 E7FE            B                .
  151 00000006                 ENDP
  153 00000006         HardFault_Handler
                               PROC
  154 00000006                 EXPORT           HardFault_Handler         [WEAK
]
  155 00000006 E7FE            B                .
  156 00000008                 ENDP
  158 00000008         MemManage_Handler
                               PROC
  159 00000008                 EXPORT           MemManage_Handler         [WEAK
]
  160 00000008 E7FE            B                .
  161 0000000A                 ENDP
  163 0000000A         BusFault_Handler
                               PROC
  164 0000000A                 EXPORT           BusFault_Handler          [WEAK
]
  165 0000000A E7FE            B                .
  166 0000000C                 ENDP
  168 0000000C         UsageFault_Handler
                               PROC
  169 0000000C                 EXPORT           UsageFault_Handler        [WEAK
]
  170 0000000C E7FE            B                .
  171 0000000E                 ENDP
  172 0000000E         ; FreeRTOS handler
  174 0000000E         vPortSVCHandler
                               PROC
  175 0000000E                 EXPORT           vPortSVCHandler  [WEAK]
  176 0000000E E7FE            B                .
  177 00000010                 ENDP
  178 00000010         SVC_Handler
                               PROC
  179 00000010                 EXPORT           SVC_Handler               [WEAK
]
  180 00000010 E7FE            B                .
  181 00000012                 ENDP



ARM Macro Assembler    Page 5 


  183 00000012         DebugMon_Handler
                               PROC
  184 00000012                 EXPORT           DebugMon_Handler          [WEAK
]
  185 00000012 E7FE            B                .
  186 00000014                 ENDP
  187 00000014         ; FreeRTOS handler
  189 00000014         xPortPendSVHandler
                               PROC
  190 00000014                 EXPORT           xPortPendSVHandler      [WEAK]
  191 00000014 E7FE            B                .
  192 00000016                 ENDP
  193 00000016         PendSV_Handler
                               PROC
  194 00000016                 EXPORT           PendSV_Handler            [WEAK
]
  195 00000016 E7FE            B                .
  196 00000018                 ENDP
  197 00000018         ; FreeRTOS handler
  199 00000018         xPortSysTickHandler
                               PROC
  200 00000018                 EXPORT           xPortSysTickHandler  [WEAK]
  201 00000018 E7FE            B                .
  202 0000001A                 ENDP
  203 0000001A         SysTick_Handler
                               PROC
  204 0000001A                 EXPORT           SysTick_Handler           [WEAK
]
  205 0000001A E7FE            B                .
  206 0000001C                 ENDP
  207 0000001C         
  208 0000001C         Default_Handler
                               PROC
  209 0000001C         
  210 0000001C                 EXPORT           DAC_IRQHandler  [WEAK]
  211 0000001C                 EXPORT           M0CORE_IRQHandler [WEAK]
  212 0000001C                 EXPORT           DMA_IRQHandler  [WEAK]
  213 0000001C                 EXPORT           EZH_IRQHandler  [WEAK]
  214 0000001C                 EXPORT           FLASH_EEPROM_IRQHandler [WEAK]
  215 0000001C                 EXPORT           ETH_IRQHandler  [WEAK]
  216 0000001C                 EXPORT           SDIO_IRQHandler  [WEAK]
  217 0000001C                 EXPORT           LCD_IRQHandler  [WEAK]
  218 0000001C                 EXPORT           USB0_IRQHandler  [WEAK]
  219 0000001C                 EXPORT           USB1_IRQHandler  [WEAK]
  220 0000001C                 EXPORT           SCT_IRQHandler  [WEAK]
  221 0000001C                 EXPORT           RIT_IRQHandler  [WEAK]
  222 0000001C                 EXPORT           TIMER0_IRQHandler [WEAK]
  223 0000001C                 EXPORT           TIMER1_IRQHandler [WEAK]
  224 0000001C                 EXPORT           TIMER2_IRQHandler [WEAK]
  225 0000001C                 EXPORT           TIMER3_IRQHandler [WEAK]
  226 0000001C                 EXPORT           MCPWM_IRQHandler [WEAK]
  227 0000001C                 EXPORT           ADC0_IRQHandler  [WEAK]
  228 0000001C                 EXPORT           I2C0_IRQHandler  [WEAK]
  229 0000001C                 EXPORT           I2C1_IRQHandler  [WEAK]
  230 0000001C                 EXPORT           SPI_IRQHandler  [WEAK]
  231 0000001C                 EXPORT           ADC1_IRQHandler  [WEAK]
  232 0000001C                 EXPORT           SSP0_IRQHandler  [WEAK]
  233 0000001C                 EXPORT           SSP1_IRQHandler  [WEAK]
  234 0000001C                 EXPORT           UART0_IRQHandler [WEAK]



ARM Macro Assembler    Page 6 


  235 0000001C                 EXPORT           UART1_IRQHandler [WEAK]
  236 0000001C                 EXPORT           UART2_IRQHandler [WEAK]
  237 0000001C                 EXPORT           UART3_IRQHandler [WEAK]
  238 0000001C                 EXPORT           I2S0_IRQHandler  [WEAK]
  239 0000001C                 EXPORT           I2S1_IRQHandler  [WEAK]
  240 0000001C                 EXPORT           SPIFI_IRQHandler [WEAK]
  241 0000001C                 EXPORT           SGPIO_IRQHandler [WEAK]
  242 0000001C                 EXPORT           GPIO0_IRQHandler [WEAK]
  243 0000001C                 EXPORT           GPIO1_IRQHandler [WEAK]
  244 0000001C                 EXPORT           GPIO2_IRQHandler [WEAK]
  245 0000001C                 EXPORT           GPIO3_IRQHandler [WEAK]
  246 0000001C                 EXPORT           GPIO4_IRQHandler [WEAK]
  247 0000001C                 EXPORT           GPIO5_IRQHandler [WEAK]
  248 0000001C                 EXPORT           GPIO6_IRQHandler [WEAK]
  249 0000001C                 EXPORT           GPIO7_IRQHandler [WEAK]
  250 0000001C                 EXPORT           GINT0_IRQHandler [WEAK]
  251 0000001C                 EXPORT           GINT1_IRQHandler [WEAK]
  252 0000001C                 EXPORT           EVRT_IRQHandler  [WEAK]
  253 0000001C                 EXPORT           CAN1_IRQHandler  [WEAK]
  254 0000001C         ;     EXPORT RESERVED3   [WEAK]
  255 0000001C                 EXPORT           VADC_IRQHandler  [WEAK]
  256 0000001C                 EXPORT           ATIMER_IRQHandler [WEAK]
  257 0000001C                 EXPORT           RTC_IRQHandler  [WEAK]
  258 0000001C         ;     EXPORT RESERVED4   [WEAK]
  259 0000001C                 EXPORT           WDT_IRQHandler  [WEAK]
  260 0000001C                 EXPORT           M0s_IRQHandler  [WEAK]
  261 0000001C                 EXPORT           CAN0_IRQHandler  [WEAK]
  262 0000001C                 EXPORT           QEI_IRQHandler  [WEAK]
  263 0000001C         
  264 0000001C         
  265 0000001C         DAC_IRQHandler
  266 0000001C         M0CORE_IRQHandler
  267 0000001C         DMA_IRQHandler
  268 0000001C         EZH_IRQHandler
  269 0000001C         FLASH_EEPROM_IRQHandler
  270 0000001C         ETH_IRQHandler
  271 0000001C         SDIO_IRQHandler
  272 0000001C         LCD_IRQHandler
  273 0000001C         USB0_IRQHandler
  274 0000001C         USB1_IRQHandler
  275 0000001C         SCT_IRQHandler
  276 0000001C         RIT_IRQHandler
  277 0000001C         TIMER0_IRQHandler
  278 0000001C         TIMER1_IRQHandler
  279 0000001C         TIMER2_IRQHandler
  280 0000001C         TIMER3_IRQHandler
  281 0000001C         MCPWM_IRQHandler
  282 0000001C         ADC0_IRQHandler
  283 0000001C         I2C0_IRQHandler
  284 0000001C         I2C1_IRQHandler
  285 0000001C         SPI_IRQHandler
  286 0000001C         ADC1_IRQHandler
  287 0000001C         SSP0_IRQHandler
  288 0000001C         SSP1_IRQHandler
  289 0000001C         UART0_IRQHandler
  290 0000001C         UART1_IRQHandler
  291 0000001C         UART2_IRQHandler
  292 0000001C         UART3_IRQHandler
  293 0000001C         I2S0_IRQHandler



ARM Macro Assembler    Page 7 


  294 0000001C         I2S1_IRQHandler
  295 0000001C         SPIFI_IRQHandler
  296 0000001C         SGPIO_IRQHandler
  297 0000001C         GPIO0_IRQHandler
  298 0000001C         GPIO1_IRQHandler
  299 0000001C         GPIO2_IRQHandler
  300 0000001C         GPIO3_IRQHandler
  301 0000001C         GPIO4_IRQHandler
  302 0000001C         GPIO5_IRQHandler
  303 0000001C         GPIO6_IRQHandler
  304 0000001C         GPIO7_IRQHandler
  305 0000001C         GINT0_IRQHandler
  306 0000001C         GINT1_IRQHandler
  307 0000001C         EVRT_IRQHandler
  308 0000001C         CAN1_IRQHandler
  309 0000001C         ;RESERVED3
  310 0000001C         VADC_IRQHandler
  311 0000001C         ATIMER_IRQHandler
  312 0000001C         RTC_IRQHandler
  313 0000001C         ;RESERVED4
  314 0000001C         WDT_IRQHandler
  315 0000001C         M0s_IRQHandler
  316 0000001C         CAN0_IRQHandler
  317 0000001C         QEI_IRQHandler
  318 0000001C E7FE            B                .
  319 0000001E         
  320 0000001E                 ENDP
  321 0000001E         
  322 0000001E 00 00           ALIGN
  323 00000020         
  324 00000020         ; User Initial Stack & Heap
  325 00000020         
  326 00000020                 IF               :DEF:__MICROLIB
  327 00000020         
  328 00000020                 EXPORT           __initial_sp
  329 00000020                 EXPORT           __heap_base
  330 00000020                 EXPORT           __heap_limit
  331 00000020         
  332 00000020                 ELSE
  346                          ENDIF
  347 00000020         
  348 00000020 00000000        AREA             |.text|,CODE, READONLY
  349 00000024         getPC   PROC
  350 00000024                 EXPORT           getPC
  351 00000024         
  352 00000024 4670            MOV              R0,LR
  353 00000026 4770            BX               LR
  354 00000028         
  355 00000028                 ENDP
  356 00000028         
  357 00000028                 END
Command Line: --debug --xref --cpu=Cortex-M4.fp --apcs=interwork --depend=..\bu
ild\startup_lpc43xx.d -o..\build\startup_lpc43xx.o -ID:\Keil4\ARM\RV31\INC -ID:
\Keil4\ARM\CMSIS\Include -ID:\Keil4\ARM\Inc\NXP\LPC43xx --predefine="__MICROLIB
 SETA 1" --predefine="NO_CRP SETA 1" --list=.\startup_lpc43xx.lst ..\lib\lpc43x
x\startup_LPC43xx.s



ARM Macro Assembler    Page 1 Alphabetic symbol ordering
Relocatable symbols

STACK 00000000

Symbol: STACK
   Definitions
      At line 31 in file ..\lib\lpc43xx\startup_LPC43xx.s
   Uses
      None
Comment: STACK unused
Stack_Mem 00000000

Symbol: Stack_Mem
   Definitions
      At line 32 in file ..\lib\lpc43xx\startup_LPC43xx.s
   Uses
      None
Comment: Stack_Mem unused
__initial_sp 00000E00

Symbol: __initial_sp
   Definitions
      At line 33 in file ..\lib\lpc43xx\startup_LPC43xx.s
   Uses
      At line 57 in file ..\lib\lpc43xx\startup_LPC43xx.s
      At line 328 in file ..\lib\lpc43xx\startup_LPC43xx.s

3 symbols



ARM Macro Assembler    Page 1 Alphabetic symbol ordering
Relocatable symbols

HEAP 00000000

Symbol: HEAP
   Definitions
      At line 42 in file ..\lib\lpc43xx\startup_LPC43xx.s
   Uses
      None
Comment: HEAP unused
Heap_Mem 00000000

Symbol: Heap_Mem
   Definitions
      At line 44 in file ..\lib\lpc43xx\startup_LPC43xx.s
   Uses
      None
Comment: Heap_Mem unused
__heap_base 00000000

Symbol: __heap_base
   Definitions
      At line 43 in file ..\lib\lpc43xx\startup_LPC43xx.s
   Uses
      At line 329 in file ..\lib\lpc43xx\startup_LPC43xx.s
Comment: __heap_base used once
__heap_limit 00010000

Symbol: __heap_limit
   Definitions
      At line 45 in file ..\lib\lpc43xx\startup_LPC43xx.s
   Uses
      At line 330 in file ..\lib\lpc43xx\startup_LPC43xx.s
Comment: __heap_limit used once
4 symbols



ARM Macro Assembler    Page 1 Alphabetic symbol ordering
Relocatable symbols

RESET 00000000

Symbol: RESET
   Definitions
      At line 52 in file ..\lib\lpc43xx\startup_LPC43xx.s
   Uses
      None
Comment: RESET unused
__Vectors 00000000

Symbol: __Vectors
   Definitions
      At line 57 in file ..\lib\lpc43xx\startup_LPC43xx.s
   Uses
      At line 53 in file ..\lib\lpc43xx\startup_LPC43xx.s
Comment: __Vectors used once
2 symbols



ARM Macro Assembler    Page 1 Alphabetic symbol ordering
Relocatable symbols

.text 00000000

Symbol: .text
   Definitions
      At line 135 in file ..\lib\lpc43xx\startup_LPC43xx.s
   Uses
      None
Comment: .text unused
ADC0_IRQHandler 0000001C

Symbol: ADC0_IRQHandler
   Definitions
      At line 282 in file ..\lib\lpc43xx\startup_LPC43xx.s
   Uses
      At line 92 in file ..\lib\lpc43xx\startup_LPC43xx.s
      At line 227 in file ..\lib\lpc43xx\startup_LPC43xx.s

ADC1_IRQHandler 0000001C

Symbol: ADC1_IRQHandler
   Definitions
      At line 286 in file ..\lib\lpc43xx\startup_LPC43xx.s
   Uses
      At line 96 in file ..\lib\lpc43xx\startup_LPC43xx.s
      At line 231 in file ..\lib\lpc43xx\startup_LPC43xx.s

ATIMER_IRQHandler 0000001C

Symbol: ATIMER_IRQHandler
   Definitions
      At line 311 in file ..\lib\lpc43xx\startup_LPC43xx.s
   Uses
      At line 121 in file ..\lib\lpc43xx\startup_LPC43xx.s
      At line 256 in file ..\lib\lpc43xx\startup_LPC43xx.s

BusFault_Handler 0000000A

Symbol: BusFault_Handler
   Definitions
      At line 163 in file ..\lib\lpc43xx\startup_LPC43xx.s
   Uses
      At line 62 in file ..\lib\lpc43xx\startup_LPC43xx.s
      At line 164 in file ..\lib\lpc43xx\startup_LPC43xx.s

CAN0_IRQHandler 0000001C

Symbol: CAN0_IRQHandler
   Definitions
      At line 316 in file ..\lib\lpc43xx\startup_LPC43xx.s
   Uses
      At line 126 in file ..\lib\lpc43xx\startup_LPC43xx.s
      At line 261 in file ..\lib\lpc43xx\startup_LPC43xx.s

CAN1_IRQHandler 0000001C

Symbol: CAN1_IRQHandler
   Definitions
      At line 308 in file ..\lib\lpc43xx\startup_LPC43xx.s
   Uses



ARM Macro Assembler    Page 2 Alphabetic symbol ordering
Relocatable symbols

      At line 118 in file ..\lib\lpc43xx\startup_LPC43xx.s
      At line 253 in file ..\lib\lpc43xx\startup_LPC43xx.s

DAC_IRQHandler 0000001C

Symbol: DAC_IRQHandler
   Definitions
      At line 265 in file ..\lib\lpc43xx\startup_LPC43xx.s
   Uses
      At line 75 in file ..\lib\lpc43xx\startup_LPC43xx.s
      At line 210 in file ..\lib\lpc43xx\startup_LPC43xx.s

DMA_IRQHandler 0000001C

Symbol: DMA_IRQHandler
   Definitions
      At line 267 in file ..\lib\lpc43xx\startup_LPC43xx.s
   Uses
      At line 77 in file ..\lib\lpc43xx\startup_LPC43xx.s
      At line 212 in file ..\lib\lpc43xx\startup_LPC43xx.s

DebugMon_Handler 00000012

Symbol: DebugMon_Handler
   Definitions
      At line 183 in file ..\lib\lpc43xx\startup_LPC43xx.s
   Uses
      At line 69 in file ..\lib\lpc43xx\startup_LPC43xx.s
      At line 184 in file ..\lib\lpc43xx\startup_LPC43xx.s

Default_Handler 0000001C

Symbol: Default_Handler
   Definitions
      At line 208 in file ..\lib\lpc43xx\startup_LPC43xx.s
   Uses
      None
Comment: Default_Handler unused
ETH_IRQHandler 0000001C

Symbol: ETH_IRQHandler
   Definitions
      At line 270 in file ..\lib\lpc43xx\startup_LPC43xx.s
   Uses
      At line 80 in file ..\lib\lpc43xx\startup_LPC43xx.s
      At line 215 in file ..\lib\lpc43xx\startup_LPC43xx.s

EVRT_IRQHandler 0000001C

Symbol: EVRT_IRQHandler
   Definitions
      At line 307 in file ..\lib\lpc43xx\startup_LPC43xx.s
   Uses
      At line 117 in file ..\lib\lpc43xx\startup_LPC43xx.s
      At line 252 in file ..\lib\lpc43xx\startup_LPC43xx.s

EZH_IRQHandler 0000001C

Symbol: EZH_IRQHandler



ARM Macro Assembler    Page 3 Alphabetic symbol ordering
Relocatable symbols

   Definitions
      At line 268 in file ..\lib\lpc43xx\startup_LPC43xx.s
   Uses
      At line 78 in file ..\lib\lpc43xx\startup_LPC43xx.s
      At line 213 in file ..\lib\lpc43xx\startup_LPC43xx.s

FLASH_EEPROM_IRQHandler 0000001C

Symbol: FLASH_EEPROM_IRQHandler
   Definitions
      At line 269 in file ..\lib\lpc43xx\startup_LPC43xx.s
   Uses
      At line 79 in file ..\lib\lpc43xx\startup_LPC43xx.s
      At line 214 in file ..\lib\lpc43xx\startup_LPC43xx.s

GINT0_IRQHandler 0000001C

Symbol: GINT0_IRQHandler
   Definitions
      At line 305 in file ..\lib\lpc43xx\startup_LPC43xx.s
   Uses
      At line 115 in file ..\lib\lpc43xx\startup_LPC43xx.s
      At line 250 in file ..\lib\lpc43xx\startup_LPC43xx.s

GINT1_IRQHandler 0000001C

Symbol: GINT1_IRQHandler
   Definitions
      At line 306 in file ..\lib\lpc43xx\startup_LPC43xx.s
   Uses
      At line 116 in file ..\lib\lpc43xx\startup_LPC43xx.s
      At line 251 in file ..\lib\lpc43xx\startup_LPC43xx.s

GPIO0_IRQHandler 0000001C

Symbol: GPIO0_IRQHandler
   Definitions
      At line 297 in file ..\lib\lpc43xx\startup_LPC43xx.s
   Uses
      At line 107 in file ..\lib\lpc43xx\startup_LPC43xx.s
      At line 242 in file ..\lib\lpc43xx\startup_LPC43xx.s

GPIO1_IRQHandler 0000001C

Symbol: GPIO1_IRQHandler
   Definitions
      At line 298 in file ..\lib\lpc43xx\startup_LPC43xx.s
   Uses
      At line 108 in file ..\lib\lpc43xx\startup_LPC43xx.s
      At line 243 in file ..\lib\lpc43xx\startup_LPC43xx.s

GPIO2_IRQHandler 0000001C

Symbol: GPIO2_IRQHandler
   Definitions
      At line 299 in file ..\lib\lpc43xx\startup_LPC43xx.s
   Uses
      At line 109 in file ..\lib\lpc43xx\startup_LPC43xx.s
      At line 244 in file ..\lib\lpc43xx\startup_LPC43xx.s



ARM Macro Assembler    Page 4 Alphabetic symbol ordering
Relocatable symbols


GPIO3_IRQHandler 0000001C

Symbol: GPIO3_IRQHandler
   Definitions
      At line 300 in file ..\lib\lpc43xx\startup_LPC43xx.s
   Uses
      At line 110 in file ..\lib\lpc43xx\startup_LPC43xx.s
      At line 245 in file ..\lib\lpc43xx\startup_LPC43xx.s

GPIO4_IRQHandler 0000001C

Symbol: GPIO4_IRQHandler
   Definitions
      At line 301 in file ..\lib\lpc43xx\startup_LPC43xx.s
   Uses
      At line 111 in file ..\lib\lpc43xx\startup_LPC43xx.s
      At line 246 in file ..\lib\lpc43xx\startup_LPC43xx.s

GPIO5_IRQHandler 0000001C

Symbol: GPIO5_IRQHandler
   Definitions
      At line 302 in file ..\lib\lpc43xx\startup_LPC43xx.s
   Uses
      At line 112 in file ..\lib\lpc43xx\startup_LPC43xx.s
      At line 247 in file ..\lib\lpc43xx\startup_LPC43xx.s

GPIO6_IRQHandler 0000001C

Symbol: GPIO6_IRQHandler
   Definitions
      At line 303 in file ..\lib\lpc43xx\startup_LPC43xx.s
   Uses
      At line 113 in file ..\lib\lpc43xx\startup_LPC43xx.s
      At line 248 in file ..\lib\lpc43xx\startup_LPC43xx.s

GPIO7_IRQHandler 0000001C

Symbol: GPIO7_IRQHandler
   Definitions
      At line 304 in file ..\lib\lpc43xx\startup_LPC43xx.s
   Uses
      At line 114 in file ..\lib\lpc43xx\startup_LPC43xx.s
      At line 249 in file ..\lib\lpc43xx\startup_LPC43xx.s

HardFault_Handler 00000006

Symbol: HardFault_Handler
   Definitions
      At line 153 in file ..\lib\lpc43xx\startup_LPC43xx.s
   Uses
      At line 60 in file ..\lib\lpc43xx\startup_LPC43xx.s
      At line 154 in file ..\lib\lpc43xx\startup_LPC43xx.s

I2C0_IRQHandler 0000001C

Symbol: I2C0_IRQHandler
   Definitions



ARM Macro Assembler    Page 5 Alphabetic symbol ordering
Relocatable symbols

      At line 283 in file ..\lib\lpc43xx\startup_LPC43xx.s
   Uses
      At line 93 in file ..\lib\lpc43xx\startup_LPC43xx.s
      At line 228 in file ..\lib\lpc43xx\startup_LPC43xx.s

I2C1_IRQHandler 0000001C

Symbol: I2C1_IRQHandler
   Definitions
      At line 284 in file ..\lib\lpc43xx\startup_LPC43xx.s
   Uses
      At line 94 in file ..\lib\lpc43xx\startup_LPC43xx.s
      At line 229 in file ..\lib\lpc43xx\startup_LPC43xx.s

I2S0_IRQHandler 0000001C

Symbol: I2S0_IRQHandler
   Definitions
      At line 293 in file ..\lib\lpc43xx\startup_LPC43xx.s
   Uses
      At line 103 in file ..\lib\lpc43xx\startup_LPC43xx.s
      At line 238 in file ..\lib\lpc43xx\startup_LPC43xx.s

I2S1_IRQHandler 0000001C

Symbol: I2S1_IRQHandler
   Definitions
      At line 294 in file ..\lib\lpc43xx\startup_LPC43xx.s
   Uses
      At line 104 in file ..\lib\lpc43xx\startup_LPC43xx.s
      At line 239 in file ..\lib\lpc43xx\startup_LPC43xx.s

LCD_IRQHandler 0000001C

Symbol: LCD_IRQHandler
   Definitions
      At line 272 in file ..\lib\lpc43xx\startup_LPC43xx.s
   Uses
      At line 82 in file ..\lib\lpc43xx\startup_LPC43xx.s
      At line 217 in file ..\lib\lpc43xx\startup_LPC43xx.s

M0CORE_IRQHandler 0000001C

Symbol: M0CORE_IRQHandler
   Definitions
      At line 266 in file ..\lib\lpc43xx\startup_LPC43xx.s
   Uses
      At line 76 in file ..\lib\lpc43xx\startup_LPC43xx.s
      At line 211 in file ..\lib\lpc43xx\startup_LPC43xx.s

M0s_IRQHandler 0000001C

Symbol: M0s_IRQHandler
   Definitions
      At line 315 in file ..\lib\lpc43xx\startup_LPC43xx.s
   Uses
      At line 125 in file ..\lib\lpc43xx\startup_LPC43xx.s
      At line 260 in file ..\lib\lpc43xx\startup_LPC43xx.s




ARM Macro Assembler    Page 6 Alphabetic symbol ordering
Relocatable symbols

MCPWM_IRQHandler 0000001C

Symbol: MCPWM_IRQHandler
   Definitions
      At line 281 in file ..\lib\lpc43xx\startup_LPC43xx.s
   Uses
      At line 91 in file ..\lib\lpc43xx\startup_LPC43xx.s
      At line 226 in file ..\lib\lpc43xx\startup_LPC43xx.s

MemManage_Handler 00000008

Symbol: MemManage_Handler
   Definitions
      At line 158 in file ..\lib\lpc43xx\startup_LPC43xx.s
   Uses
      At line 61 in file ..\lib\lpc43xx\startup_LPC43xx.s
      At line 159 in file ..\lib\lpc43xx\startup_LPC43xx.s

NMI_Handler 00000004

Symbol: NMI_Handler
   Definitions
      At line 148 in file ..\lib\lpc43xx\startup_LPC43xx.s
   Uses
      At line 59 in file ..\lib\lpc43xx\startup_LPC43xx.s
      At line 149 in file ..\lib\lpc43xx\startup_LPC43xx.s

PendSV_Handler 00000016

Symbol: PendSV_Handler
   Definitions
      At line 193 in file ..\lib\lpc43xx\startup_LPC43xx.s
   Uses
      At line 71 in file ..\lib\lpc43xx\startup_LPC43xx.s
      At line 194 in file ..\lib\lpc43xx\startup_LPC43xx.s

QEI_IRQHandler 0000001C

Symbol: QEI_IRQHandler
   Definitions
      At line 317 in file ..\lib\lpc43xx\startup_LPC43xx.s
   Uses
      At line 127 in file ..\lib\lpc43xx\startup_LPC43xx.s
      At line 262 in file ..\lib\lpc43xx\startup_LPC43xx.s

RIT_IRQHandler 0000001C

Symbol: RIT_IRQHandler
   Definitions
      At line 276 in file ..\lib\lpc43xx\startup_LPC43xx.s
   Uses
      At line 86 in file ..\lib\lpc43xx\startup_LPC43xx.s
      At line 221 in file ..\lib\lpc43xx\startup_LPC43xx.s

RTC_IRQHandler 0000001C

Symbol: RTC_IRQHandler
   Definitions
      At line 312 in file ..\lib\lpc43xx\startup_LPC43xx.s



ARM Macro Assembler    Page 7 Alphabetic symbol ordering
Relocatable symbols

   Uses
      At line 122 in file ..\lib\lpc43xx\startup_LPC43xx.s
      At line 257 in file ..\lib\lpc43xx\startup_LPC43xx.s

Reset_Handler 00000000

Symbol: Reset_Handler
   Definitions
      At line 139 in file ..\lib\lpc43xx\startup_LPC43xx.s
   Uses
      At line 58 in file ..\lib\lpc43xx\startup_LPC43xx.s
      At line 140 in file ..\lib\lpc43xx\startup_LPC43xx.s

SCT_IRQHandler 0000001C

Symbol: SCT_IRQHandler
   Definitions
      At line 275 in file ..\lib\lpc43xx\startup_LPC43xx.s
   Uses
      At line 85 in file ..\lib\lpc43xx\startup_LPC43xx.s
      At line 220 in file ..\lib\lpc43xx\startup_LPC43xx.s

SDIO_IRQHandler 0000001C

Symbol: SDIO_IRQHandler
   Definitions
      At line 271 in file ..\lib\lpc43xx\startup_LPC43xx.s
   Uses
      At line 81 in file ..\lib\lpc43xx\startup_LPC43xx.s
      At line 216 in file ..\lib\lpc43xx\startup_LPC43xx.s

SGPIO_IRQHandler 0000001C

Symbol: SGPIO_IRQHandler
   Definitions
      At line 296 in file ..\lib\lpc43xx\startup_LPC43xx.s
   Uses
      At line 106 in file ..\lib\lpc43xx\startup_LPC43xx.s
      At line 241 in file ..\lib\lpc43xx\startup_LPC43xx.s

SPIFI_IRQHandler 0000001C

Symbol: SPIFI_IRQHandler
   Definitions
      At line 295 in file ..\lib\lpc43xx\startup_LPC43xx.s
   Uses
      At line 105 in file ..\lib\lpc43xx\startup_LPC43xx.s
      At line 240 in file ..\lib\lpc43xx\startup_LPC43xx.s

SPI_IRQHandler 0000001C

Symbol: SPI_IRQHandler
   Definitions
      At line 285 in file ..\lib\lpc43xx\startup_LPC43xx.s
   Uses
      At line 95 in file ..\lib\lpc43xx\startup_LPC43xx.s
      At line 230 in file ..\lib\lpc43xx\startup_LPC43xx.s

SSP0_IRQHandler 0000001C



ARM Macro Assembler    Page 8 Alphabetic symbol ordering
Relocatable symbols


Symbol: SSP0_IRQHandler
   Definitions
      At line 287 in file ..\lib\lpc43xx\startup_LPC43xx.s
   Uses
      At line 97 in file ..\lib\lpc43xx\startup_LPC43xx.s
      At line 232 in file ..\lib\lpc43xx\startup_LPC43xx.s

SSP1_IRQHandler 0000001C

Symbol: SSP1_IRQHandler
   Definitions
      At line 288 in file ..\lib\lpc43xx\startup_LPC43xx.s
   Uses
      At line 98 in file ..\lib\lpc43xx\startup_LPC43xx.s
      At line 233 in file ..\lib\lpc43xx\startup_LPC43xx.s

SVC_Handler 00000010

Symbol: SVC_Handler
   Definitions
      At line 178 in file ..\lib\lpc43xx\startup_LPC43xx.s
   Uses
      At line 68 in file ..\lib\lpc43xx\startup_LPC43xx.s
      At line 179 in file ..\lib\lpc43xx\startup_LPC43xx.s

SysTick_Handler 0000001A

Symbol: SysTick_Handler
   Definitions
      At line 203 in file ..\lib\lpc43xx\startup_LPC43xx.s
   Uses
      At line 72 in file ..\lib\lpc43xx\startup_LPC43xx.s
      At line 204 in file ..\lib\lpc43xx\startup_LPC43xx.s

TIMER0_IRQHandler 0000001C

Symbol: TIMER0_IRQHandler
   Definitions
      At line 277 in file ..\lib\lpc43xx\startup_LPC43xx.s
   Uses
      At line 87 in file ..\lib\lpc43xx\startup_LPC43xx.s
      At line 222 in file ..\lib\lpc43xx\startup_LPC43xx.s

TIMER1_IRQHandler 0000001C

Symbol: TIMER1_IRQHandler
   Definitions
      At line 278 in file ..\lib\lpc43xx\startup_LPC43xx.s
   Uses
      At line 88 in file ..\lib\lpc43xx\startup_LPC43xx.s
      At line 223 in file ..\lib\lpc43xx\startup_LPC43xx.s

TIMER2_IRQHandler 0000001C

Symbol: TIMER2_IRQHandler
   Definitions
      At line 279 in file ..\lib\lpc43xx\startup_LPC43xx.s
   Uses



ARM Macro Assembler    Page 9 Alphabetic symbol ordering
Relocatable symbols

      At line 89 in file ..\lib\lpc43xx\startup_LPC43xx.s
      At line 224 in file ..\lib\lpc43xx\startup_LPC43xx.s

TIMER3_IRQHandler 0000001C

Symbol: TIMER3_IRQHandler
   Definitions
      At line 280 in file ..\lib\lpc43xx\startup_LPC43xx.s
   Uses
      At line 90 in file ..\lib\lpc43xx\startup_LPC43xx.s
      At line 225 in file ..\lib\lpc43xx\startup_LPC43xx.s

UART0_IRQHandler 0000001C

Symbol: UART0_IRQHandler
   Definitions
      At line 289 in file ..\lib\lpc43xx\startup_LPC43xx.s
   Uses
      At line 99 in file ..\lib\lpc43xx\startup_LPC43xx.s
      At line 234 in file ..\lib\lpc43xx\startup_LPC43xx.s

UART1_IRQHandler 0000001C

Symbol: UART1_IRQHandler
   Definitions
      At line 290 in file ..\lib\lpc43xx\startup_LPC43xx.s
   Uses
      At line 100 in file ..\lib\lpc43xx\startup_LPC43xx.s
      At line 235 in file ..\lib\lpc43xx\startup_LPC43xx.s

UART2_IRQHandler 0000001C

Symbol: UART2_IRQHandler
   Definitions
      At line 291 in file ..\lib\lpc43xx\startup_LPC43xx.s
   Uses
      At line 101 in file ..\lib\lpc43xx\startup_LPC43xx.s
      At line 236 in file ..\lib\lpc43xx\startup_LPC43xx.s

UART3_IRQHandler 0000001C

Symbol: UART3_IRQHandler
   Definitions
      At line 292 in file ..\lib\lpc43xx\startup_LPC43xx.s
   Uses
      At line 102 in file ..\lib\lpc43xx\startup_LPC43xx.s
      At line 237 in file ..\lib\lpc43xx\startup_LPC43xx.s

USB0_IRQHandler 0000001C

Symbol: USB0_IRQHandler
   Definitions
      At line 273 in file ..\lib\lpc43xx\startup_LPC43xx.s
   Uses
      At line 83 in file ..\lib\lpc43xx\startup_LPC43xx.s
      At line 218 in file ..\lib\lpc43xx\startup_LPC43xx.s

USB1_IRQHandler 0000001C




ARM Macro Assembler    Page 10 Alphabetic symbol ordering
Relocatable symbols

Symbol: USB1_IRQHandler
   Definitions
      At line 274 in file ..\lib\lpc43xx\startup_LPC43xx.s
   Uses
      At line 84 in file ..\lib\lpc43xx\startup_LPC43xx.s
      At line 219 in file ..\lib\lpc43xx\startup_LPC43xx.s

UsageFault_Handler 0000000C

Symbol: UsageFault_Handler
   Definitions
      At line 168 in file ..\lib\lpc43xx\startup_LPC43xx.s
   Uses
      At line 63 in file ..\lib\lpc43xx\startup_LPC43xx.s
      At line 169 in file ..\lib\lpc43xx\startup_LPC43xx.s

VADC_IRQHandler 0000001C

Symbol: VADC_IRQHandler
   Definitions
      At line 310 in file ..\lib\lpc43xx\startup_LPC43xx.s
   Uses
      At line 120 in file ..\lib\lpc43xx\startup_LPC43xx.s
      At line 255 in file ..\lib\lpc43xx\startup_LPC43xx.s

WDT_IRQHandler 0000001C

Symbol: WDT_IRQHandler
   Definitions
      At line 314 in file ..\lib\lpc43xx\startup_LPC43xx.s
   Uses
      At line 124 in file ..\lib\lpc43xx\startup_LPC43xx.s
      At line 259 in file ..\lib\lpc43xx\startup_LPC43xx.s

getPC 00000024

Symbol: getPC
   Definitions
      At line 349 in file ..\lib\lpc43xx\startup_LPC43xx.s
   Uses
      At line 350 in file ..\lib\lpc43xx\startup_LPC43xx.s
Comment: getPC used once
vPortSVCHandler 0000000E

Symbol: vPortSVCHandler
   Definitions
      At line 174 in file ..\lib\lpc43xx\startup_LPC43xx.s
   Uses
      At line 175 in file ..\lib\lpc43xx\startup_LPC43xx.s
Comment: vPortSVCHandler used once
xPortPendSVHandler 00000014

Symbol: xPortPendSVHandler
   Definitions
      At line 189 in file ..\lib\lpc43xx\startup_LPC43xx.s
   Uses
      At line 190 in file ..\lib\lpc43xx\startup_LPC43xx.s
Comment: xPortPendSVHandler used once
xPortSysTickHandler 00000018



ARM Macro Assembler    Page 11 Alphabetic symbol ordering
Relocatable symbols


Symbol: xPortSysTickHandler
   Definitions
      At line 199 in file ..\lib\lpc43xx\startup_LPC43xx.s
   Uses
      At line 200 in file ..\lib\lpc43xx\startup_LPC43xx.s
Comment: xPortSysTickHandler used once
67 symbols



ARM Macro Assembler    Page 1 Alphabetic symbol ordering
Absolute symbols

Heap_Size 00010000

Symbol: Heap_Size
   Definitions
      At line 39 in file ..\lib\lpc43xx\startup_LPC43xx.s
   Uses
      At line 44 in file ..\lib\lpc43xx\startup_LPC43xx.s
Comment: Heap_Size used once
Sign_Value 53FFEEFA

Symbol: Sign_Value
   Definitions
      At line 55 in file ..\lib\lpc43xx\startup_LPC43xx.s
   Uses
      At line 64 in file ..\lib\lpc43xx\startup_LPC43xx.s
Comment: Sign_Value used once
Stack_Size 00000E00

Symbol: Stack_Size
   Definitions
      At line 29 in file ..\lib\lpc43xx\startup_LPC43xx.s
   Uses
      At line 32 in file ..\lib\lpc43xx\startup_LPC43xx.s
Comment: Stack_Size used once
3 symbols



ARM Macro Assembler    Page 1 Alphabetic symbol ordering
External symbols

__main 00000000

Symbol: __main
   Definitions
      At line 141 in file ..\lib\lpc43xx\startup_LPC43xx.s
   Uses
      At line 142 in file ..\lib\lpc43xx\startup_LPC43xx.s
Comment: __main used once
1 symbol
415 symbols in table
